<?xml version="1.0" encoding="UTF-8"?>
<!-- Generated by org.testng.reporters.JUnitReportReporter -->
<testsuite hostname="chandan" failures="0" tests="3" name="vendor_panel.scripts.addOrderTest" time="70.845" errors="0" timestamp="2024-04-01T11:13:49 IST" skipped="2">
  <testcase classname="vendor_panel.scripts.addOrderTest" name="Place_The_Order" time="70.845"/>
  <testcase classname="vendor_panel.scripts.addOrderTest" name="edit_order_details">
    <skipped/>
  </testcase> <!-- edit_order_details -->
  <testcase classname="vendor_panel.scripts.addOrderTest" name="view_order_details">
    <skipped/>
  </testcase> <!-- view_order_details -->
</testsuite> <!-- vendor_panel.scripts.addOrderTest -->
