<?xml version="1.0" encoding="UTF-8"?>
<!-- Generated by org.testng.reporters.JUnitReportReporter -->
<testsuite hostname="chandan" failures="0" tests="1" name="vendor_panel.scripts.VendorLoginTest" time="37.854" errors="0" timestamp="2024-02-15T21:46:47 IST" skipped="0">
  <testcase classname="vendor_panel.scripts.VendorLoginTest" name="verifyValidLogin" time="37.854"/>
</testsuite> <!-- vendor_panel.scripts.VendorLoginTest -->
