<?xml version="1.0" encoding="UTF-8"?>
<!-- Generated by org.testng.reporters.JUnitReportReporter -->
<testsuite hostname="chandan" failures="0" tests="10" name="vendor_panel.scripts.addOrderTest" time="159.496" errors="0" timestamp="2024-02-23T18:54:48 IST" skipped="3">
  <testcase classname="vendor_panel.scripts.addOrderTest" name="Place_The_Order" time="15.111"/>
  <testcase classname="vendor_panel.scripts.addOrderTest" name="verify_WalletBalance_Deduction_After_place_order" time="14.202"/>
  <testcase classname="vendor_panel.scripts.addOrderTest" name="print_Label_And_verify_Lastmile_AWB" time="37.283"/>
  <testcase classname="vendor_panel.scripts.addOrderTest" name="create_and_Close_manifest" time="56.237"/>
  <testcase classname="vendor_panel.scripts.addOrderTest" name="verify_GST_On_Logistic_Fee" time="12.734"/>
  <testcase classname="vendor_panel.scripts.addOrderTest" name="add_Multiple_Orders" time="10.078"/>
  <testcase classname="vendor_panel.scripts.addOrderTest" name="add_and_remove_Orders" time="13.851"/>
  <testcase classname="vendor_panel.scripts.addOrderTest" name="remove_from_manifest">
    <skipped/>
  </testcase> <!-- remove_from_manifest -->
  <testcase classname="vendor_panel.scripts.addOrderTest" name="save">
    <skipped/>
  </testcase> <!-- save -->
  <testcase classname="vendor_panel.scripts.addOrderTest" name="generate_box_label">
    <skipped/>
  </testcase> <!-- generate_box_label -->
</testsuite> <!-- vendor_panel.scripts.addOrderTest -->
